<?xml version="1.0" encoding="UTF-8"?>
<!-- Generated by org.testng.reporters.JUnitXMLReporter -->
<testsuite ignored="0" hostname="DESKTOP-9L4327A" failures="2" tests="5" name="Test" time="280.414" errors="0" timestamp="2023-01-19T16:08:44 IST">
  <testcase classname="test.Registration" name="Launchapp" time="57.918"/>
  <testcase classname="test.Registration" name="Login" time="30.147">
    <failure type="org.openqa.selenium.NoSuchElementException" message="An element could not be located on the page using the given search parameters.
For documentation on this error, please visit: https://www.seleniumhq.org/exceptions/no_such_element.html
Build info: version: &amp;apos;3.141.59&amp;apos;, revision: &amp;apos;e82be7d358&amp;apos;, time: &amp;apos;2018-11-14T08:17:03&amp;apos;
System info: host: &amp;apos;DESKTOP-9L4327A&amp;apos;, ip: &amp;apos;192.168.1.66&amp;apos;, os.name: &amp;apos;Windows 10&amp;apos;, os.arch: &amp;apos;amd64&amp;apos;, os.version: &amp;apos;10.0&amp;apos;, java.version: &amp;apos;17.0.5&amp;apos;
Driver info: io.appium.java_client.android.AndroidDriver
Capabilities {DeviceName: HUAWEI MediaPad T5, PlatformVersion: 8.0.0, Udid: VQTBB20821101069, appActivity: com.snapbizz.snapbilling.ac..., appPackage: com.snapbizz.snapbillingprox, databaseEnabled: false, desired: {DeviceName: HUAWEI MediaPad T5, PlatformVersion: 8.0.0, Udid: VQTBB20821101069, appActivity: com.snapbizz.snapbilling.ac..., appPackage: com.snapbizz.snapbillingprox, platformName: android}, deviceApiLevel: 26, deviceManufacturer: HUAWEI, deviceModel: AGS2-L09, deviceName: VQTBB20821101069, deviceScreenDensity: 251, deviceScreenSize: 1920x1200, deviceUDID: VQTBB20821101069, javascriptEnabled: true, locationContextEnabled: false, networkConnectionEnabled: true, pixelRatio: 1.56875, platform: LINUX, platformName: Android, platformVersion: 8.0.0, statBarHeight: 38, takesScreenshot: true, viewportRect: {height: 1095, left: 0, top: 38, width: 1920}, warnings: {}, webStorageEnabled: false}
Session ID: 8d929ba8-a90a-4c1c-8610-007aad0598cf
*** Element info: {Using=id, value=etUserName_login}">
      <![CDATA[org.openqa.selenium.NoSuchElementException: An element could not be located on the page using the given search parameters.
For documentation on this error, please visit: https://www.seleniumhq.org/exceptions/no_such_element.html
Build info: version: '3.141.59', revision: 'e82be7d358', time: '2018-11-14T08:17:03'
System info: host: 'DESKTOP-9L4327A', ip: '192.168.1.66', os.name: 'Windows 10', os.arch: 'amd64', os.version: '10.0', java.version: '17.0.5'
Driver info: io.appium.java_client.android.AndroidDriver
Capabilities {DeviceName: HUAWEI MediaPad T5, PlatformVersion: 8.0.0, Udid: VQTBB20821101069, appActivity: com.snapbizz.snapbilling.ac..., appPackage: com.snapbizz.snapbillingprox, databaseEnabled: false, desired: {DeviceName: HUAWEI MediaPad T5, PlatformVersion: 8.0.0, Udid: VQTBB20821101069, appActivity: com.snapbizz.snapbilling.ac..., appPackage: com.snapbizz.snapbillingprox, platformName: android}, deviceApiLevel: 26, deviceManufacturer: HUAWEI, deviceModel: AGS2-L09, deviceName: VQTBB20821101069, deviceScreenDensity: 251, deviceScreenSize: 1920x1200, deviceUDID: VQTBB20821101069, javascriptEnabled: true, locationContextEnabled: false, networkConnectionEnabled: true, pixelRatio: 1.56875, platform: LINUX, platformName: Android, platformVersion: 8.0.0, statBarHeight: 38, takesScreenshot: true, viewportRect: {height: 1095, left: 0, top: 38, width: 1920}, warnings: {}, webStorageEnabled: false}
Session ID: 8d929ba8-a90a-4c1c-8610-007aad0598cf
*** Element info: {Using=id, value=etUserName_login}
at org.openqa.selenium.remote.http.W3CHttpResponseCodec.createException(W3CHttpResponseCodec.java:187)
at org.openqa.selenium.remote.http.W3CHttpResponseCodec.decode(W3CHttpResponseCodec.java:122)
at org.openqa.selenium.remote.http.W3CHttpResponseCodec.decode(W3CHttpResponseCodec.java:49)
at org.openqa.selenium.remote.HttpCommandExecutor.execute(HttpCommandExecutor.java:158)
at io.appium.java_client.remote.AppiumCommandExecutor.execute(AppiumCommandExecutor.java:231)
at org.openqa.selenium.remote.RemoteWebDriver.execute(RemoteWebDriver.java:552)
at io.appium.java_client.DefaultGenericMobileDriver.execute(DefaultGenericMobileDriver.java:42)
at io.appium.java_client.AppiumDriver.execute(AppiumDriver.java:1)
at io.appium.java_client.android.AndroidDriver.execute(AndroidDriver.java:1)
at org.openqa.selenium.remote.RemoteWebDriver.findElement(RemoteWebDriver.java:323)
at io.appium.java_client.DefaultGenericMobileDriver.findElement(DefaultGenericMobileDriver.java:62)
at io.appium.java_client.AppiumDriver.findElement(AppiumDriver.java:1)
at io.appium.java_client.android.AndroidDriver.findElement(AndroidDriver.java:1)
at org.openqa.selenium.remote.RemoteWebDriver.findElementById(RemoteWebDriver.java:372)
at io.appium.java_client.DefaultGenericMobileDriver.findElementById(DefaultGenericMobileDriver.java:70)
at io.appium.java_client.AppiumDriver.findElementById(AppiumDriver.java:1)
at io.appium.java_client.android.AndroidDriver.findElementById(AndroidDriver.java:1)
at test.MethodClass.findElementByIdAndSendKeys(MethodClass.java:35)
at test.Registration.Login(Registration.java:78)
at java.base/java.util.ArrayList.forEach(ArrayList.java:1511)
... Removed 32 stack frames]]>
    </failure>
  </testcase> <!-- Login -->
  <testcase classname="test.Registration" name="Makebills" time="110.918"/>
  <testcase classname="test.Registration" name="Otherbill" time="51.17"/>
  <testcase classname="test.Registration" name="Registerstore" time="30.187">
    <failure type="org.openqa.selenium.NoSuchElementException" message="An element could not be located on the page using the given search parameters.
For documentation on this error, please visit: https://www.seleniumhq.org/exceptions/no_such_element.html
Build info: version: &amp;apos;3.141.59&amp;apos;, revision: &amp;apos;e82be7d358&amp;apos;, time: &amp;apos;2018-11-14T08:17:03&amp;apos;
System info: host: &amp;apos;DESKTOP-9L4327A&amp;apos;, ip: &amp;apos;192.168.1.66&amp;apos;, os.name: &amp;apos;Windows 10&amp;apos;, os.arch: &amp;apos;amd64&amp;apos;, os.version: &amp;apos;10.0&amp;apos;, java.version: &amp;apos;17.0.5&amp;apos;
Driver info: io.appium.java_client.android.AndroidDriver
Capabilities {DeviceName: HUAWEI MediaPad T5, PlatformVersion: 8.0.0, Udid: VQTBB20821101069, appActivity: com.snapbizz.snapbilling.ac..., appPackage: com.snapbizz.snapbillingprox, databaseEnabled: false, desired: {DeviceName: HUAWEI MediaPad T5, PlatformVersion: 8.0.0, Udid: VQTBB20821101069, appActivity: com.snapbizz.snapbilling.ac..., appPackage: com.snapbizz.snapbillingprox, platformName: android}, deviceApiLevel: 26, deviceManufacturer: HUAWEI, deviceModel: AGS2-L09, deviceName: VQTBB20821101069, deviceScreenDensity: 251, deviceScreenSize: 1920x1200, deviceUDID: VQTBB20821101069, javascriptEnabled: true, locationContextEnabled: false, networkConnectionEnabled: true, pixelRatio: 1.56875, platform: LINUX, platformName: Android, platformVersion: 8.0.0, statBarHeight: 38, takesScreenshot: true, viewportRect: {height: 1095, left: 0, top: 38, width: 1920}, warnings: {}, webStorageEnabled: false}
Session ID: 8d929ba8-a90a-4c1c-8610-007aad0598cf
*** Element info: {Using=id, value=store_phone_no_edittext}">
      <![CDATA[org.openqa.selenium.NoSuchElementException: An element could not be located on the page using the given search parameters.
For documentation on this error, please visit: https://www.seleniumhq.org/exceptions/no_such_element.html
Build info: version: '3.141.59', revision: 'e82be7d358', time: '2018-11-14T08:17:03'
System info: host: 'DESKTOP-9L4327A', ip: '192.168.1.66', os.name: 'Windows 10', os.arch: 'amd64', os.version: '10.0', java.version: '17.0.5'
Driver info: io.appium.java_client.android.AndroidDriver
Capabilities {DeviceName: HUAWEI MediaPad T5, PlatformVersion: 8.0.0, Udid: VQTBB20821101069, appActivity: com.snapbizz.snapbilling.ac..., appPackage: com.snapbizz.snapbillingprox, databaseEnabled: false, desired: {DeviceName: HUAWEI MediaPad T5, PlatformVersion: 8.0.0, Udid: VQTBB20821101069, appActivity: com.snapbizz.snapbilling.ac..., appPackage: com.snapbizz.snapbillingprox, platformName: android}, deviceApiLevel: 26, deviceManufacturer: HUAWEI, deviceModel: AGS2-L09, deviceName: VQTBB20821101069, deviceScreenDensity: 251, deviceScreenSize: 1920x1200, deviceUDID: VQTBB20821101069, javascriptEnabled: true, locationContextEnabled: false, networkConnectionEnabled: true, pixelRatio: 1.56875, platform: LINUX, platformName: Android, platformVersion: 8.0.0, statBarHeight: 38, takesScreenshot: true, viewportRect: {height: 1095, left: 0, top: 38, width: 1920}, warnings: {}, webStorageEnabled: false}
Session ID: 8d929ba8-a90a-4c1c-8610-007aad0598cf
*** Element info: {Using=id, value=store_phone_no_edittext}
at org.openqa.selenium.remote.http.W3CHttpResponseCodec.createException(W3CHttpResponseCodec.java:187)
at org.openqa.selenium.remote.http.W3CHttpResponseCodec.decode(W3CHttpResponseCodec.java:122)
at org.openqa.selenium.remote.http.W3CHttpResponseCodec.decode(W3CHttpResponseCodec.java:49)
at org.openqa.selenium.remote.HttpCommandExecutor.execute(HttpCommandExecutor.java:158)
at io.appium.java_client.remote.AppiumCommandExecutor.execute(AppiumCommandExecutor.java:231)
at org.openqa.selenium.remote.RemoteWebDriver.execute(RemoteWebDriver.java:552)
at io.appium.java_client.DefaultGenericMobileDriver.execute(DefaultGenericMobileDriver.java:42)
at io.appium.java_client.AppiumDriver.execute(AppiumDriver.java:1)
at io.appium.java_client.android.AndroidDriver.execute(AndroidDriver.java:1)
at org.openqa.selenium.remote.RemoteWebDriver.findElement(RemoteWebDriver.java:323)
at io.appium.java_client.DefaultGenericMobileDriver.findElement(DefaultGenericMobileDriver.java:62)
at io.appium.java_client.AppiumDriver.findElement(AppiumDriver.java:1)
at io.appium.java_client.android.AndroidDriver.findElement(AndroidDriver.java:1)
at org.openqa.selenium.remote.RemoteWebDriver.findElementById(RemoteWebDriver.java:372)
at io.appium.java_client.DefaultGenericMobileDriver.findElementById(DefaultGenericMobileDriver.java:70)
at io.appium.java_client.AppiumDriver.findElementById(AppiumDriver.java:1)
at io.appium.java_client.android.AndroidDriver.findElementById(AndroidDriver.java:1)
at test.MethodClass.findElementByIdAndSendKeys(MethodClass.java:35)
at test.Registration.Registerstore(Registration.java:65)
at java.base/java.util.ArrayList.forEach(ArrayList.java:1511)
... Removed 32 stack frames]]>
    </failure>
  </testcase> <!-- Registerstore -->
</testsuite> <!-- Test -->
