<?xml version="1.0" encoding="UTF-8"?>
<testng-results ignored="0" total="5" passed="3" failed="2" skipped="0">
  <reporter-output>
  </reporter-output>
  <suite started-at="2023-01-19T16:21:27 IST" name="Default suite" finished-at="2023-01-19T16:26:06 IST" duration-ms="279148">
    <groups>
    </groups>
    <test started-at="2023-01-19T16:21:27 IST" name="Default test" finished-at="2023-01-19T16:26:06 IST" duration-ms="279148">
      <class name="test.Registration">
        <test-method signature="Launchapp()[pri:0, instance:test.Registration@1cbb87f3]" started-at="2023-01-19T16:21:27 IST" name="Launchapp" finished-at="2023-01-19T16:22:24 IST" duration-ms="56406" status="PASS">
          <reporter-output>
          </reporter-output>
        </test-method> <!-- Launchapp -->
        <test-method signature="Login()[pri:0, instance:test.Registration@1cbb87f3]" started-at="2023-01-19T16:22:24 IST" name="Login" finished-at="2023-01-19T16:22:54 IST" duration-ms="30158" status="FAIL">
          <exception class="org.openqa.selenium.NoSuchElementException">
            <message>
              <![CDATA[An element could not be located on the page using the given search parameters.
For documentation on this error, please visit: https://www.seleniumhq.org/exceptions/no_such_element.html
Build info: version: '3.141.59', revision: 'e82be7d358', time: '2018-11-14T08:17:03'
System info: host: 'DESKTOP-9L4327A', ip: '192.168.1.66', os.name: 'Windows 10', os.arch: 'amd64', os.version: '10.0', java.version: '17.0.5'
Driver info: io.appium.java_client.android.AndroidDriver
Capabilities {DeviceName: HUAWEI MediaPad T5, PlatformVersion: 8.0.0, Udid: VQTBB20821101069, appActivity: com.snapbizz.snapbilling.ac..., appPackage: com.snapbizz.snapbillingprox, databaseEnabled: false, desired: {DeviceName: HUAWEI MediaPad T5, PlatformVersion: 8.0.0, Udid: VQTBB20821101069, appActivity: com.snapbizz.snapbilling.ac..., appPackage: com.snapbizz.snapbillingprox, platformName: android}, deviceApiLevel: 26, deviceManufacturer: HUAWEI, deviceModel: AGS2-L09, deviceName: VQTBB20821101069, deviceScreenDensity: 251, deviceScreenSize: 1920x1200, deviceUDID: VQTBB20821101069, javascriptEnabled: true, locationContextEnabled: false, networkConnectionEnabled: true, pixelRatio: 1.56875, platform: LINUX, platformName: Android, platformVersion: 8.0.0, statBarHeight: 38, takesScreenshot: true, viewportRect: {height: 1095, left: 0, top: 38, width: 1920}, warnings: {}, webStorageEnabled: false}
Session ID: 5c0a3280-4943-4117-ab5d-b14c22dd6346
*** Element info: {Using=id, value=etUserName_login}]]>
            </message>
            <full-stacktrace>
              <![CDATA[org.openqa.selenium.NoSuchElementException: An element could not be located on the page using the given search parameters.
For documentation on this error, please visit: https://www.seleniumhq.org/exceptions/no_such_element.html
Build info: version: '3.141.59', revision: 'e82be7d358', time: '2018-11-14T08:17:03'
System info: host: 'DESKTOP-9L4327A', ip: '192.168.1.66', os.name: 'Windows 10', os.arch: 'amd64', os.version: '10.0', java.version: '17.0.5'
Driver info: io.appium.java_client.android.AndroidDriver
Capabilities {DeviceName: HUAWEI MediaPad T5, PlatformVersion: 8.0.0, Udid: VQTBB20821101069, appActivity: com.snapbizz.snapbilling.ac..., appPackage: com.snapbizz.snapbillingprox, databaseEnabled: false, desired: {DeviceName: HUAWEI MediaPad T5, PlatformVersion: 8.0.0, Udid: VQTBB20821101069, appActivity: com.snapbizz.snapbilling.ac..., appPackage: com.snapbizz.snapbillingprox, platformName: android}, deviceApiLevel: 26, deviceManufacturer: HUAWEI, deviceModel: AGS2-L09, deviceName: VQTBB20821101069, deviceScreenDensity: 251, deviceScreenSize: 1920x1200, deviceUDID: VQTBB20821101069, javascriptEnabled: true, locationContextEnabled: false, networkConnectionEnabled: true, pixelRatio: 1.56875, platform: LINUX, platformName: Android, platformVersion: 8.0.0, statBarHeight: 38, takesScreenshot: true, viewportRect: {height: 1095, left: 0, top: 38, width: 1920}, warnings: {}, webStorageEnabled: false}
Session ID: 5c0a3280-4943-4117-ab5d-b14c22dd6346
*** Element info: {Using=id, value=etUserName_login}
at java.base/jdk.internal.reflect.NativeConstructorAccessorImpl.newInstance0(Native Method)
at java.base/jdk.internal.reflect.NativeConstructorAccessorImpl.newInstance(NativeConstructorAccessorImpl.java:77)
at java.base/jdk.internal.reflect.DelegatingConstructorAccessorImpl.newInstance(DelegatingConstructorAccessorImpl.java:45)
at java.base/java.lang.reflect.Constructor.newInstanceWithCaller(Constructor.java:499)
at java.base/java.lang.reflect.Constructor.newInstance(Constructor.java:480)
at org.openqa.selenium.remote.http.W3CHttpResponseCodec.createException(W3CHttpResponseCodec.java:187)
at org.openqa.selenium.remote.http.W3CHttpResponseCodec.decode(W3CHttpResponseCodec.java:122)
at org.openqa.selenium.remote.http.W3CHttpResponseCodec.decode(W3CHttpResponseCodec.java:49)
at org.openqa.selenium.remote.HttpCommandExecutor.execute(HttpCommandExecutor.java:158)
at io.appium.java_client.remote.AppiumCommandExecutor.execute(AppiumCommandExecutor.java:231)
at org.openqa.selenium.remote.RemoteWebDriver.execute(RemoteWebDriver.java:552)
at io.appium.java_client.DefaultGenericMobileDriver.execute(DefaultGenericMobileDriver.java:42)
at io.appium.java_client.AppiumDriver.execute(AppiumDriver.java:1)
at io.appium.java_client.android.AndroidDriver.execute(AndroidDriver.java:1)
at org.openqa.selenium.remote.RemoteWebDriver.findElement(RemoteWebDriver.java:323)
at io.appium.java_client.DefaultGenericMobileDriver.findElement(DefaultGenericMobileDriver.java:62)
at io.appium.java_client.AppiumDriver.findElement(AppiumDriver.java:1)
at io.appium.java_client.android.AndroidDriver.findElement(AndroidDriver.java:1)
at org.openqa.selenium.remote.RemoteWebDriver.findElementById(RemoteWebDriver.java:372)
at io.appium.java_client.DefaultGenericMobileDriver.findElementById(DefaultGenericMobileDriver.java:70)
at io.appium.java_client.AppiumDriver.findElementById(AppiumDriver.java:1)
at io.appium.java_client.android.AndroidDriver.findElementById(AndroidDriver.java:1)
at test.MethodClass.findElementByIdAndSendKeys(MethodClass.java:35)
at test.Registration.Login(Registration.java:78)
at java.base/jdk.internal.reflect.NativeMethodAccessorImpl.invoke0(Native Method)
at java.base/jdk.internal.reflect.NativeMethodAccessorImpl.invoke(NativeMethodAccessorImpl.java:77)
at java.base/jdk.internal.reflect.DelegatingMethodAccessorImpl.invoke(DelegatingMethodAccessorImpl.java:43)
at java.base/java.lang.reflect.Method.invoke(Method.java:568)
at org.testng.internal.MethodInvocationHelper.invokeMethod(MethodInvocationHelper.java:133)
at org.testng.internal.TestInvoker.invokeMethod(TestInvoker.java:598)
at org.testng.internal.TestInvoker.invokeTestMethod(TestInvoker.java:173)
at org.testng.internal.MethodRunner.runInSequence(MethodRunner.java:46)
at org.testng.internal.TestInvoker$MethodInvocationAgent.invoke(TestInvoker.java:824)
at org.testng.internal.TestInvoker.invokeTestMethods(TestInvoker.java:146)
at org.testng.internal.TestMethodWorker.invokeTestMethods(TestMethodWorker.java:146)
at org.testng.internal.TestMethodWorker.run(TestMethodWorker.java:128)
at java.base/java.util.ArrayList.forEach(ArrayList.java:1511)
at org.testng.TestRunner.privateRun(TestRunner.java:794)
at org.testng.TestRunner.run(TestRunner.java:596)
at org.testng.SuiteRunner.runTest(SuiteRunner.java:377)
at org.testng.SuiteRunner.runSequentially(SuiteRunner.java:371)
at org.testng.SuiteRunner.privateRun(SuiteRunner.java:332)
at org.testng.SuiteRunner.run(SuiteRunner.java:276)
at org.testng.SuiteRunnerWorker.runSuite(SuiteRunnerWorker.java:53)
at org.testng.SuiteRunnerWorker.run(SuiteRunnerWorker.java:96)
at org.testng.TestNG.runSuitesSequentially(TestNG.java:1212)
at org.testng.TestNG.runSuitesLocally(TestNG.java:1134)
at org.testng.TestNG.runSuites(TestNG.java:1063)
at org.testng.TestNG.run(TestNG.java:1031)
at org.testng.remote.AbstractRemoteTestNG.run(AbstractRemoteTestNG.java:115)
at org.testng.remote.RemoteTestNG.initAndRun(RemoteTestNG.java:251)
at org.testng.remote.RemoteTestNG.main(RemoteTestNG.java:77)
]]>
            </full-stacktrace>
          </exception> <!-- org.openqa.selenium.NoSuchElementException -->
          <reporter-output>
          </reporter-output>
        </test-method> <!-- Login -->
        <test-method signature="Makebills()[pri:0, instance:test.Registration@1cbb87f3]" started-at="2023-01-19T16:22:54 IST" name="Makebills" finished-at="2023-01-19T16:24:46 IST" duration-ms="112466" status="PASS">
          <reporter-output>
          </reporter-output>
        </test-method> <!-- Makebills -->
        <test-method signature="Otherbill()[pri:0, instance:test.Registration@1cbb87f3]" started-at="2023-01-19T16:24:46 IST" name="Otherbill" finished-at="2023-01-19T16:25:36 IST" duration-ms="49907" status="PASS">
          <reporter-output>
          </reporter-output>
        </test-method> <!-- Otherbill -->
        <test-method signature="Registerstore()[pri:0, instance:test.Registration@1cbb87f3]" started-at="2023-01-19T16:25:36 IST" name="Registerstore" finished-at="2023-01-19T16:26:06 IST" duration-ms="30134" status="FAIL">
          <exception class="org.openqa.selenium.NoSuchElementException">
            <message>
              <![CDATA[An element could not be located on the page using the given search parameters.
For documentation on this error, please visit: https://www.seleniumhq.org/exceptions/no_such_element.html
Build info: version: '3.141.59', revision: 'e82be7d358', time: '2018-11-14T08:17:03'
System info: host: 'DESKTOP-9L4327A', ip: '192.168.1.66', os.name: 'Windows 10', os.arch: 'amd64', os.version: '10.0', java.version: '17.0.5'
Driver info: io.appium.java_client.android.AndroidDriver
Capabilities {DeviceName: HUAWEI MediaPad T5, PlatformVersion: 8.0.0, Udid: VQTBB20821101069, appActivity: com.snapbizz.snapbilling.ac..., appPackage: com.snapbizz.snapbillingprox, databaseEnabled: false, desired: {DeviceName: HUAWEI MediaPad T5, PlatformVersion: 8.0.0, Udid: VQTBB20821101069, appActivity: com.snapbizz.snapbilling.ac..., appPackage: com.snapbizz.snapbillingprox, platformName: android}, deviceApiLevel: 26, deviceManufacturer: HUAWEI, deviceModel: AGS2-L09, deviceName: VQTBB20821101069, deviceScreenDensity: 251, deviceScreenSize: 1920x1200, deviceUDID: VQTBB20821101069, javascriptEnabled: true, locationContextEnabled: false, networkConnectionEnabled: true, pixelRatio: 1.56875, platform: LINUX, platformName: Android, platformVersion: 8.0.0, statBarHeight: 38, takesScreenshot: true, viewportRect: {height: 1095, left: 0, top: 38, width: 1920}, warnings: {}, webStorageEnabled: false}
Session ID: 5c0a3280-4943-4117-ab5d-b14c22dd6346
*** Element info: {Using=id, value=store_phone_no_edittext}]]>
            </message>
            <full-stacktrace>
              <![CDATA[org.openqa.selenium.NoSuchElementException: An element could not be located on the page using the given search parameters.
For documentation on this error, please visit: https://www.seleniumhq.org/exceptions/no_such_element.html
Build info: version: '3.141.59', revision: 'e82be7d358', time: '2018-11-14T08:17:03'
System info: host: 'DESKTOP-9L4327A', ip: '192.168.1.66', os.name: 'Windows 10', os.arch: 'amd64', os.version: '10.0', java.version: '17.0.5'
Driver info: io.appium.java_client.android.AndroidDriver
Capabilities {DeviceName: HUAWEI MediaPad T5, PlatformVersion: 8.0.0, Udid: VQTBB20821101069, appActivity: com.snapbizz.snapbilling.ac..., appPackage: com.snapbizz.snapbillingprox, databaseEnabled: false, desired: {DeviceName: HUAWEI MediaPad T5, PlatformVersion: 8.0.0, Udid: VQTBB20821101069, appActivity: com.snapbizz.snapbilling.ac..., appPackage: com.snapbizz.snapbillingprox, platformName: android}, deviceApiLevel: 26, deviceManufacturer: HUAWEI, deviceModel: AGS2-L09, deviceName: VQTBB20821101069, deviceScreenDensity: 251, deviceScreenSize: 1920x1200, deviceUDID: VQTBB20821101069, javascriptEnabled: true, locationContextEnabled: false, networkConnectionEnabled: true, pixelRatio: 1.56875, platform: LINUX, platformName: Android, platformVersion: 8.0.0, statBarHeight: 38, takesScreenshot: true, viewportRect: {height: 1095, left: 0, top: 38, width: 1920}, warnings: {}, webStorageEnabled: false}
Session ID: 5c0a3280-4943-4117-ab5d-b14c22dd6346
*** Element info: {Using=id, value=store_phone_no_edittext}
at java.base/jdk.internal.reflect.NativeConstructorAccessorImpl.newInstance0(Native Method)
at java.base/jdk.internal.reflect.NativeConstructorAccessorImpl.newInstance(NativeConstructorAccessorImpl.java:77)
at java.base/jdk.internal.reflect.DelegatingConstructorAccessorImpl.newInstance(DelegatingConstructorAccessorImpl.java:45)
at java.base/java.lang.reflect.Constructor.newInstanceWithCaller(Constructor.java:499)
at java.base/java.lang.reflect.Constructor.newInstance(Constructor.java:480)
at org.openqa.selenium.remote.http.W3CHttpResponseCodec.createException(W3CHttpResponseCodec.java:187)
at org.openqa.selenium.remote.http.W3CHttpResponseCodec.decode(W3CHttpResponseCodec.java:122)
at org.openqa.selenium.remote.http.W3CHttpResponseCodec.decode(W3CHttpResponseCodec.java:49)
at org.openqa.selenium.remote.HttpCommandExecutor.execute(HttpCommandExecutor.java:158)
at io.appium.java_client.remote.AppiumCommandExecutor.execute(AppiumCommandExecutor.java:231)
at org.openqa.selenium.remote.RemoteWebDriver.execute(RemoteWebDriver.java:552)
at io.appium.java_client.DefaultGenericMobileDriver.execute(DefaultGenericMobileDriver.java:42)
at io.appium.java_client.AppiumDriver.execute(AppiumDriver.java:1)
at io.appium.java_client.android.AndroidDriver.execute(AndroidDriver.java:1)
at org.openqa.selenium.remote.RemoteWebDriver.findElement(RemoteWebDriver.java:323)
at io.appium.java_client.DefaultGenericMobileDriver.findElement(DefaultGenericMobileDriver.java:62)
at io.appium.java_client.AppiumDriver.findElement(AppiumDriver.java:1)
at io.appium.java_client.android.AndroidDriver.findElement(AndroidDriver.java:1)
at org.openqa.selenium.remote.RemoteWebDriver.findElementById(RemoteWebDriver.java:372)
at io.appium.java_client.DefaultGenericMobileDriver.findElementById(DefaultGenericMobileDriver.java:70)
at io.appium.java_client.AppiumDriver.findElementById(AppiumDriver.java:1)
at io.appium.java_client.android.AndroidDriver.findElementById(AndroidDriver.java:1)
at test.MethodClass.findElementByIdAndSendKeys(MethodClass.java:35)
at test.Registration.Registerstore(Registration.java:65)
at java.base/jdk.internal.reflect.NativeMethodAccessorImpl.invoke0(Native Method)
at java.base/jdk.internal.reflect.NativeMethodAccessorImpl.invoke(NativeMethodAccessorImpl.java:77)
at java.base/jdk.internal.reflect.DelegatingMethodAccessorImpl.invoke(DelegatingMethodAccessorImpl.java:43)
at java.base/java.lang.reflect.Method.invoke(Method.java:568)
at org.testng.internal.MethodInvocationHelper.invokeMethod(MethodInvocationHelper.java:133)
at org.testng.internal.TestInvoker.invokeMethod(TestInvoker.java:598)
at org.testng.internal.TestInvoker.invokeTestMethod(TestInvoker.java:173)
at org.testng.internal.MethodRunner.runInSequence(MethodRunner.java:46)
at org.testng.internal.TestInvoker$MethodInvocationAgent.invoke(TestInvoker.java:824)
at org.testng.internal.TestInvoker.invokeTestMethods(TestInvoker.java:146)
at org.testng.internal.TestMethodWorker.invokeTestMethods(TestMethodWorker.java:146)
at org.testng.internal.TestMethodWorker.run(TestMethodWorker.java:128)
at java.base/java.util.ArrayList.forEach(ArrayList.java:1511)
at org.testng.TestRunner.privateRun(TestRunner.java:794)
at org.testng.TestRunner.run(TestRunner.java:596)
at org.testng.SuiteRunner.runTest(SuiteRunner.java:377)
at org.testng.SuiteRunner.runSequentially(SuiteRunner.java:371)
at org.testng.SuiteRunner.privateRun(SuiteRunner.java:332)
at org.testng.SuiteRunner.run(SuiteRunner.java:276)
at org.testng.SuiteRunnerWorker.runSuite(SuiteRunnerWorker.java:53)
at org.testng.SuiteRunnerWorker.run(SuiteRunnerWorker.java:96)
at org.testng.TestNG.runSuitesSequentially(TestNG.java:1212)
at org.testng.TestNG.runSuitesLocally(TestNG.java:1134)
at org.testng.TestNG.runSuites(TestNG.java:1063)
at org.testng.TestNG.run(TestNG.java:1031)
at org.testng.remote.AbstractRemoteTestNG.run(AbstractRemoteTestNG.java:115)
at org.testng.remote.RemoteTestNG.initAndRun(RemoteTestNG.java:251)
at org.testng.remote.RemoteTestNG.main(RemoteTestNG.java:77)
]]>
            </full-stacktrace>
          </exception> <!-- org.openqa.selenium.NoSuchElementException -->
          <reporter-output>
          </reporter-output>
        </test-method> <!-- Registerstore -->
      </class> <!-- test.Registration -->
    </test> <!-- Default test -->
  </suite> <!-- Default suite -->
</testng-results>
